2025-10-12 11:56:24,process.menu,test_20251012115624,generate_files_list,file_count,0,success
2025-10-12 16:01:10,process.menu,test_20251012160110,generate_files_list,file_count,256,success
2025-10-12 16:01:11,process.menu,test_20251012160110,url,1028.json,0,failure
2025-10-12 16:01:12,process.menu,test_20251012160110,url,1030.json,0,failure
2025-10-12 16:01:12,process.menu,test_20251012160110,url,114.json,0,failure
2025-10-12 16:01:15,process.menu,test_20251012160110,url,115.json,0,failure
2025-10-12 16:01:17,process.menu,test_20251012160110,url,116.json,0,failure
2025-10-12 16:05:12,process.menu,test_20251012160512,generate_files_list,file_count,256,success
2025-10-12 16:05:13,process.menu,test_20251012160512,url,1028.json,0,failure
2025-10-12 16:05:13,process.menu,test_20251012160512,url,1030.json,0,failure
2025-10-12 16:05:14,process.menu,test_20251012160512,url,114.json,0,failure
2025-10-12 16:05:16,process.menu,test_20251012160512,url,115.json,0,failure
2025-10-12 16:05:19,process.menu,test_20251012160512,url,116.json,0,failure
2025-10-12 16:13:17,process.menu,test_20251012161316,generate_files_list,file_count,256,success
2025-10-12 16:13:17,process.menu,test_20251012161316,url,1028.json,0,success
2025-10-12 16:13:17,process.menu,test_20251012161316,url,1030.json,0,success
2025-10-12 16:13:17,process.menu,test_20251012161316,url,114.json,0,success
2025-10-12 16:13:19,process.menu,test_20251012161316,url,115.json,0,success
2025-10-12 16:13:21,process.menu,test_20251012161316,url,116.json,0,success
2025-10-12 16:23:57,process.menu,test_20251012162357,generate_files_list,file_count,256,success
2025-10-12 16:23:57,process.menu,test_20251012162357,url,1028.json,0,success
2025-10-12 16:23:57,process.menu,test_20251012162357,url,1030.json,0,success
2025-10-12 16:23:57,process.menu,test_20251012162357,url,114.json,0,success
2025-10-12 16:23:59,process.menu,test_20251012162357,url,115.json,0,success
2025-10-12 16:24:01,process.menu,test_20251012162357,url,116.json,0,success
2025-10-12 19:34:45,process.menu,test_20251012193444,generate_files_list,file_count,256,success
2025-10-12 19:34:47,process.menu,test_20251012193444,url,1028.json,0,failure
2025-10-12 19:34:51,process.menu,test_20251012193444,url,1030.json,0,failure
2025-10-12 19:34:52,process.menu,test_20251012193444,url,114.json,0,failure
2025-10-12 19:34:55,process.menu,test_20251012193444,url,115.json,0,failure
2025-10-12 19:34:57,process.menu,test_20251012193444,url,116.json,0,failure
2025-10-12 19:42:14,process.menu,test_20251012194213,generate_files_list,file_count,256,success
2025-10-12 19:42:14,process.menu,test_20251012194213,url,1028.json,0,failure
2025-10-12 19:42:15,process.menu,test_20251012194213,url,1030.json,0,failure
2025-10-12 19:42:16,process.menu,test_20251012194213,url,114.json,0,failure
2025-10-12 19:42:19,process.menu,test_20251012194213,url,115.json,0,failure
2025-10-12 19:42:24,process.menu,test_20251012194213,url,116.json,0,failure
2025-10-12 19:42:58,process.menu,test_20251012194258,generate_files_list,file_count,256,success
2025-10-12 19:42:59,process.menu,test_20251012194258,url,1028.json,0,failure
2025-10-12 19:43:00,process.menu,test_20251012194258,url,1030.json,0,failure
2025-10-12 19:43:02,process.menu,test_20251012194258,url,114.json,0,failure
2025-10-12 19:43:13,process.menu,test_20251012194258,url,115.json,0,failure
2025-10-12 19:43:22,process.menu,test_20251012194258,url,116.json,0,failure
2025-10-12 19:51:22,process.menu,test_20251012195121,generate_files_list,file_count,256,success
2025-10-12 19:51:34,process.menu,test_20251012195121,url,1028.json,0,failure
2025-10-12 19:51:48,process.menu,test_20251012195121,url,1030.json,0,failure
2025-10-12 19:52:08,process.menu,test_20251012195121,url,114.json,0,failure
2025-10-12 19:52:46,process.menu,test_20251012195121,url,115.json,0,failure
2025-10-12 19:53:12,process.menu,test_20251012195121,url,116.json,0,failure
2025-10-12 20:14:42,process.menu,test_20251012201442,generate_files_list,file_count,256,success
2025-10-12 20:14:58,process.menu,test_20251012201442,url,1028.json,0,failure
2025-10-12 20:15:02,process.menu,test_20251012201442,url,1030.json,0,failure
2025-10-12 20:15:09,process.menu,test_20251012201442,url,114.json,0,failure
2025-10-12 20:15:18,process.menu,test_20251012201442,url,115.json,0,failure
2025-10-12 20:15:29,process.menu,test_20251012201442,url,116.json,0,failure
2025-10-12 20:21:52,process.menu,test_20251012202151,generate_files_list,file_count,256,success
2025-10-12 20:22:07,process.menu,test_20251012202151,url,1028.json,0,failure
2025-10-12 20:22:10,process.menu,test_20251012202151,url,1030.json,0,failure
2025-10-12 20:22:12,process.menu,test_20251012202151,url,114.json,0,failure
2025-10-12 20:22:27,process.menu,test_20251012202151,url,115.json,0,failure
2025-10-12 20:22:51,process.menu,test_20251012202151,url,116.json,0,failure
2025-10-12 20:41:35,process.menu,test_20251012204135,generate_files_list,file_count,256,success
2025-10-12 20:41:38,process.menu,test_20251012204135,url,1028.json,0,failure
2025-10-12 20:41:38,process.menu,test_20251012204135,url,1030.json,0,failure
2025-10-12 20:41:40,process.menu,test_20251012204135,url,114.json,0,failure
2025-10-12 20:41:43,process.menu,test_20251012204135,url,115.json,0,failure
2025-10-12 20:41:49,process.menu,test_20251012204135,url,116.json,0,failure
2025-10-12 20:42:17,process.menu,test_20251012204216,generate_files_list,file_count,256,success
2025-10-12 20:42:20,process.menu,test_20251012204216,url,1028.json,0,failure
2025-10-12 20:42:25,process.menu,test_20251012204216,url,1030.json,0,failure
2025-10-12 20:42:29,process.menu,test_20251012204216,url,114.json,0,failure
2025-10-12 20:42:34,process.menu,test_20251012204216,url,115.json,0,failure
2025-10-12 20:42:37,process.menu,test_20251012204216,url,116.json,0,failure
2025-10-12 20:45:07,process.menu,test_20251012204507,generate_files_list,file_count,256,success
2025-10-12 20:45:09,process.menu,test_20251012204507,url,1028.json,0,failure
2025-10-12 20:45:11,process.menu,test_20251012204507,url,1030.json,0,failure
2025-10-12 20:45:11,process.menu,test_20251012204507,url,114.json,0,failure
2025-10-12 20:45:14,process.menu,test_20251012204507,url,115.json,0,failure
2025-10-12 20:45:16,process.menu,test_20251012204507,url,116.json,0,failure
2025-10-12 20:49:38,process.menu,test_20251012204938,generate_files_list,file_count,256,success
2025-10-12 20:49:43,process.menu,test_20251012204938,url,1028.json,0,failure
2025-10-12 20:49:50,process.menu,test_20251012204938,url,1030.json,0,failure
2025-10-12 20:49:56,process.menu,test_20251012204938,url,114.json,0,failure
2025-10-12 20:50:04,process.menu,test_20251012204938,url,115.json,0,failure
2025-10-12 20:50:12,process.menu,test_20251012204938,url,116.json,0,failure
2025-10-12 20:56:37,process.menu,test_proxy_20251012205636,generate_files_list,file_count,256,success
2025-10-12 20:57:56,process.menu,test_proxy_20251012205636,url,1028.json,0,failure
2025-10-12 20:59:51,process.menu,test_proxy_20251012205636,url,1030.json,0,failure
2025-10-17 16:29:24,process.menu,test_20251017162924,generate_files_list,file_count,256,success
2025-10-17 16:29:31,process.menu,test_20251017162924,url,1028.json,0,failure
2025-10-17 16:29:32,process.menu,test_20251017162924,url,1030.json,0,failure
2025-10-17 16:29:33,process.menu,test_20251017162924,url,114.json,0,failure
2025-10-17 16:29:37,process.menu,test_20251017162924,url,115.json,0,failure
2025-10-17 16:29:40,process.menu,test_20251017162924,url,116.json,0,failure
2025-10-17 16:36:31,process.menu,test_20251017163631,generate_files_list,file_count,256,success
2025-10-17 16:36:49,process.menu,test_20251017163631,url,1028.json,0,failure
2025-10-17 16:36:55,process.menu,test_20251017163631,url,1030.json,0,failure
2025-10-17 16:37:01,process.menu,test_20251017163631,url,114.json,0,failure
2025-10-17 16:37:09,process.menu,test_20251017163631,url,115.json,0,failure
2025-10-17 16:37:17,process.menu,test_20251017163631,url,116.json,0,failure
2025-10-17 17:00:07,process.menu,test_20251017170007,generate_files_list,file_count,256,success
2025-10-17 17:00:09,process.menu,test_20251017170007,url,1028.json,0,failure
2025-10-17 17:00:10,process.menu,test_20251017170007,url,1030.json,0,failure
2025-10-17 17:00:15,process.menu,test_20251017170007,url,114.json,0,failure
2025-10-17 17:00:19,process.menu,test_20251017170007,url,115.json,0,failure
2025-10-17 17:00:22,process.menu,test_20251017170007,url,116.json,0,failure
2025-10-17 17:07:06,process.menu,test_20251017170706,generate_files_list,file_count,256,success
2025-10-17 17:07:15,process.menu,test_20251017170706,url,1028.json,0,failure
2025-10-17 17:07:20,process.menu,test_20251017170706,url,1030.json,0,failure
2025-10-17 17:07:27,process.menu,test_20251017170706,url,114.json,0,failure
2025-10-17 17:07:35,process.menu,test_20251017170706,url,115.json,0,failure
2025-10-17 17:07:42,process.menu,test_20251017170706,url,116.json,0,failure
2025-10-17 17:11:46,process.menu,test_20251017171146,generate_files_list,file_count,256,success
2025-10-17 17:11:47,process.menu,test_20251017171146,url,1028.json,0,failure
2025-10-17 17:11:48,process.menu,test_20251017171146,url,1030.json,0,failure
2025-10-17 17:11:49,process.menu,test_20251017171146,url,114.json,0,failure
2025-10-17 17:11:52,process.menu,test_20251017171146,url,115.json,0,failure
2025-10-17 17:11:55,process.menu,test_20251017171146,url,116.json,0,failure
2025-10-17 17:22:04,process.menu,test_20251017172204,generate_files_list,file_count,256,success
2025-10-17 17:22:15,process.menu,test_20251017172204,url,1028.json,0,failure
2025-10-17 17:22:15,process.menu,test_20251017172204,url,1030.json,0,failure
2025-10-17 17:22:15,process.menu,test_20251017172204,url,114.json,0,failure
2025-10-17 17:22:17,process.menu,test_20251017172204,url,115.json,0,failure
2025-10-17 17:22:19,process.menu,test_20251017172204,url,116.json,0,failure
2025-10-17 17:30:53,process.menu,test_20251017173053,generate_files_list,file_count,256,success
2025-10-17 17:30:54,process.menu,test_20251017173053,url,1028.json,0,failure
2025-10-17 17:30:55,process.menu,test_20251017173053,url,1030.json,0,failure
2025-10-17 17:30:56,process.menu,test_20251017173053,url,114.json,0,failure
2025-10-17 17:30:58,process.menu,test_20251017173053,url,115.json,0,failure
2025-10-17 17:31:01,process.menu,test_20251017173053,url,116.json,0,failure
2025-10-17 17:51:40,process.menu,test_20251017175139,generate_files_list,file_count,256,success
2025-10-17 17:57:21,process.menu,test_20251017175139,url,1028.json,0,success
2025-10-17 17:57:21,process.menu,test_20251017175139,url,1030.json,0,failure
2025-10-17 17:57:21,process.menu,test_20251017175139,url,114.json,0,failure
2025-10-17 17:57:23,process.menu,test_20251017175139,url,115.json,0,failure
2025-10-17 17:57:25,process.menu,test_20251017175139,url,116.json,0,failure
2025-10-17 17:58:18,process.menu,test_20251017175817,generate_files_list,file_count,256,success
2025-10-17 17:59:14,process.menu,test_20251017175817,url,1028.json,0,failure
2025-10-17 17:59:44,process.menu,test_20251017175817,url,1030.json,0,failure
2025-10-17 18:01:54,process.menu,test_20251017175817,url,114.json,0,failure
2025-10-17 18:01:56,process.menu,test_20251017175817,url,115.json,0,failure
2025-10-17 18:01:58,process.menu,test_20251017175817,url,116.json,0,failure
2025-10-18 09:54:42,process.menu,test_20251018095441,generate_files_list,file_count,256,success
2025-10-18 09:54:43,process.menu,test_20251018095441,url,1028.json,0,failure
2025-10-18 09:54:45,process.menu,test_20251018095441,url,1030.json,0,failure
2025-10-18 09:54:45,process.menu,test_20251018095441,url,114.json,0,failure
2025-10-18 09:54:48,process.menu,test_20251018095441,url,115.json,0,failure
2025-10-18 09:54:51,process.menu,test_20251018095441,url,116.json,0,failure
