2025-11-15 10:28:03,process.location,test_20251115102801,10,Canal Store,Lahore,success
2025-11-15 10:28:03,process.location,test_20251115102801,11,Capital Store,Islamabad-Rawalpindi,success
2025-11-15 10:28:03,process.location,test_20251115102801,12,Safari Park Store,Karachi,success
2025-11-15 10:28:03,process.location,test_20251115102801,15,Lyalpur Store,Faisalabad,success
2025-11-15 10:28:03,process.location,test_20251115102801,16,DHA Store,Lahore,success
2025-11-15 10:28:03,process.location,test_20251115102801,21,Multan Store,Multan,success
2025-11-15 10:28:03,process.location,test_20251115102801,22,Manghopir Site Store,Karachi,success
2025-11-15 10:28:03,process.location,test_20251115102801,23,Star Gate Store,Karachi,success
2025-11-15 10:28:03,process.location,test_20251115102801,25,Ravi Store,Lahore,success
2025-11-15 10:28:03,process.location,test_20251115102801,26,Model Town Store,Lahore,success
2025-11-15 10:28:03,process.location,test_20251115102801,27,Other Store,Other Store,success
2025-11-15 10:28:03,process.location,test_20251115102801,28,Chand Bhag Store,Lahore,success
2025-11-15 10:28:05,process.location,test_20251115102801,10,Canal Store,Lahore,success
2025-11-15 10:28:05,process.location,test_20251115102801,11,Capital Store,Islamabad-Rawalpindi,success
2025-11-15 10:28:05,process.location,test_20251115102801,12,Safari Park Store,Karachi,success
2025-11-15 10:28:05,process.location,test_20251115102801,15,Lyalpur Store,Faisalabad,success
2025-11-15 10:28:05,process.location,test_20251115102801,16,DHA Store,Lahore,success
2025-11-15 10:28:05,process.location,test_20251115102801,21,Multan Store,Multan,success
2025-11-15 10:28:05,process.location,test_20251115102801,22,Manghopir Site Store,Karachi,success
2025-11-15 10:28:05,process.location,test_20251115102801,23,Star Gate Store,Karachi,success
2025-11-15 10:28:05,process.location,test_20251115102801,25,Ravi Store,Lahore,success
2025-11-15 10:28:05,process.location,test_20251115102801,26,Model Town Store,Lahore,success
2025-11-15 10:28:05,process.location,test_20251115102801,27,Other Store,Other Store,success
2025-11-15 10:28:05,process.location,test_20251115102801,28,Chand Bhag Store,Lahore,success
2025-11-15 10:28:06,process.location,test_20251115102801,10,Canal Store,Lahore,success
2025-11-15 10:28:07,process.location,test_20251115102801,11,Capital Store,Islamabad-Rawalpindi,success
2025-11-15 10:28:07,process.location,test_20251115102801,12,Safari Park Store,Karachi,success
2025-11-15 10:28:07,process.location,test_20251115102801,15,Lyalpur Store,Faisalabad,success
2025-11-15 10:28:07,process.location,test_20251115102801,16,DHA Store,Lahore,success
2025-11-15 10:28:07,process.location,test_20251115102801,21,Multan Store,Multan,success
2025-11-15 10:28:07,process.location,test_20251115102801,22,Manghopir Site Store,Karachi,success
2025-11-15 10:28:07,process.location,test_20251115102801,23,Star Gate Store,Karachi,success
2025-11-15 10:28:07,process.location,test_20251115102801,25,Ravi Store,Lahore,success
2025-11-15 10:28:07,process.location,test_20251115102801,26,Model Town Store,Lahore,success
2025-11-15 10:28:07,process.location,test_20251115102801,27,Other Store,Other Store,success
2025-11-15 10:28:07,process.location,test_20251115102801,28,Chand Bhag Store,Lahore,success
2025-11-15 10:28:09,process.location,test_20251115102801,10,Canal Store,Lahore,success
2025-11-15 10:28:09,process.location,test_20251115102801,11,Capital Store,Islamabad-Rawalpindi,success
2025-11-15 10:28:09,process.location,test_20251115102801,12,Safari Park Store,Karachi,success
2025-11-15 10:28:09,process.location,test_20251115102801,15,Lyalpur Store,Faisalabad,success
2025-11-15 10:28:09,process.location,test_20251115102801,16,DHA Store,Lahore,success
2025-11-15 10:28:09,process.location,test_20251115102801,21,Multan Store,Multan,success
2025-11-15 10:28:09,process.location,test_20251115102801,22,Manghopir Site Store,Karachi,success
2025-11-15 10:28:09,process.location,test_20251115102801,23,Star Gate Store,Karachi,success
2025-11-15 10:28:09,process.location,test_20251115102801,25,Ravi Store,Lahore,success
2025-11-15 10:28:09,process.location,test_20251115102801,26,Model Town Store,Lahore,success
2025-11-15 10:28:09,process.location,test_20251115102801,27,Other Store,Other Store,success
2025-11-15 10:28:09,process.location,test_20251115102801,28,Chand Bhag Store,Lahore,success
2025-11-15 10:28:12,process.location,test_20251115102801,10,Canal Store,Lahore,success
2025-11-15 10:28:12,process.location,test_20251115102801,11,Capital Store,Islamabad-Rawalpindi,success
2025-11-15 10:28:12,process.location,test_20251115102801,12,Safari Park Store,Karachi,success
2025-11-15 10:28:12,process.location,test_20251115102801,15,Lyalpur Store,Faisalabad,success
2025-11-15 10:28:12,process.location,test_20251115102801,16,DHA Store,Lahore,success
2025-11-15 10:28:12,process.location,test_20251115102801,21,Multan Store,Multan,success
2025-11-15 10:28:12,process.location,test_20251115102801,22,Manghopir Site Store,Karachi,success
2025-11-15 10:28:12,process.location,test_20251115102801,23,Star Gate Store,Karachi,success
2025-11-15 10:28:12,process.location,test_20251115102801,25,Ravi Store,Lahore,success
2025-11-15 10:28:12,process.location,test_20251115102801,26,Model Town Store,Lahore,success
2025-11-15 10:28:12,process.location,test_20251115102801,27,Other Store,Other Store,success
2025-11-15 10:28:12,process.location,test_20251115102801,28,Chand Bhag Store,Lahore,success
2025-11-15 10:28:13,process.location,test_20251115102801,10,Canal Store,Lahore,success
2025-11-15 10:28:13,process.location,test_20251115102801,11,Capital Store,Islamabad-Rawalpindi,success
2025-11-15 10:28:13,process.location,test_20251115102801,12,Safari Park Store,Karachi,success
2025-11-15 10:28:13,process.location,test_20251115102801,15,Lyalpur Store,Faisalabad,success
2025-11-15 10:28:13,process.location,test_20251115102801,16,DHA Store,Lahore,success
2025-11-15 10:28:13,process.location,test_20251115102801,21,Multan Store,Multan,success
2025-11-15 10:28:13,process.location,test_20251115102801,22,Manghopir Site Store,Karachi,success
2025-11-15 10:28:13,process.location,test_20251115102801,23,Star Gate Store,Karachi,success
2025-11-15 10:28:13,process.location,test_20251115102801,25,Ravi Store,Lahore,success
2025-11-15 10:28:13,process.location,test_20251115102801,26,Model Town Store,Lahore,success
2025-11-15 10:28:13,process.location,test_20251115102801,27,Other Store,Other Store,success
2025-11-15 10:28:13,process.location,test_20251115102801,28,Chand Bhag Store,Lahore,success
2025-11-15 10:28:15,process.location,test_20251115102801,10,Canal Store,Lahore,success
2025-11-15 10:28:15,process.location,test_20251115102801,11,Capital Store,Islamabad-Rawalpindi,success
2025-11-15 10:28:15,process.location,test_20251115102801,12,Safari Park Store,Karachi,success
2025-11-15 10:28:15,process.location,test_20251115102801,15,Lyalpur Store,Faisalabad,success
2025-11-15 10:28:15,process.location,test_20251115102801,16,DHA Store,Lahore,success
2025-11-15 10:28:15,process.location,test_20251115102801,21,Multan Store,Multan,success
2025-11-15 10:28:15,process.location,test_20251115102801,22,Manghopir Site Store,Karachi,success
2025-11-15 10:28:15,process.location,test_20251115102801,23,Star Gate Store,Karachi,success
2025-11-15 10:28:15,process.location,test_20251115102801,25,Ravi Store,Lahore,success
2025-11-15 10:28:15,process.location,test_20251115102801,26,Model Town Store,Lahore,success
2025-11-15 10:28:15,process.location,test_20251115102801,27,Other Store,Other Store,success
2025-11-15 10:28:15,process.location,test_20251115102801,28,Chand Bhag Store,Lahore,success
2025-11-15 10:28:16,process.location,test_20251115102801,10,Canal Store,Lahore,success
2025-11-15 10:28:16,process.location,test_20251115102801,11,Capital Store,Islamabad-Rawalpindi,success
2025-11-15 10:28:16,process.location,test_20251115102801,12,Safari Park Store,Karachi,success
2025-11-15 10:28:16,process.location,test_20251115102801,15,Lyalpur Store,Faisalabad,success
2025-11-15 10:28:16,process.location,test_20251115102801,16,DHA Store,Lahore,success
2025-11-15 10:28:16,process.location,test_20251115102801,21,Multan Store,Multan,success
2025-11-15 10:28:16,process.location,test_20251115102801,22,Manghopir Site Store,Karachi,success
2025-11-15 10:28:16,process.location,test_20251115102801,23,Star Gate Store,Karachi,success
2025-11-15 10:28:16,process.location,test_20251115102801,25,Ravi Store,Lahore,success
2025-11-15 10:28:16,process.location,test_20251115102801,26,Model Town Store,Lahore,success
2025-11-15 10:28:16,process.location,test_20251115102801,27,Other Store,Other Store,success
2025-11-15 10:28:16,process.location,test_20251115102801,28,Chand Bhag Store,Lahore,success
2025-11-15 10:28:18,process.location,test_20251115102801,10,Canal Store,Lahore,success
2025-11-15 10:28:18,process.location,test_20251115102801,11,Capital Store,Islamabad-Rawalpindi,success
2025-11-15 10:28:18,process.location,test_20251115102801,12,Safari Park Store,Karachi,success
2025-11-15 10:28:18,process.location,test_20251115102801,15,Lyalpur Store,Faisalabad,success
2025-11-15 10:28:18,process.location,test_20251115102801,16,DHA Store,Lahore,success
2025-11-15 10:28:18,process.location,test_20251115102801,21,Multan Store,Multan,success
2025-11-15 10:28:18,process.location,test_20251115102801,22,Manghopir Site Store,Karachi,success
2025-11-15 10:28:18,process.location,test_20251115102801,23,Star Gate Store,Karachi,success
2025-11-15 10:28:18,process.location,test_20251115102801,25,Ravi Store,Lahore,success
2025-11-15 10:28:18,process.location,test_20251115102801,26,Model Town Store,Lahore,success
2025-11-15 10:28:18,process.location,test_20251115102801,27,Other Store,Other Store,success
2025-11-15 10:28:18,process.location,test_20251115102801,28,Chand Bhag Store,Lahore,success
2025-11-15 10:28:20,process.location,test_20251115102801,10,Canal Store,Lahore,success
2025-11-15 10:28:20,process.location,test_20251115102801,11,Capital Store,Islamabad-Rawalpindi,success
2025-11-15 10:28:20,process.location,test_20251115102801,12,Safari Park Store,Karachi,success
2025-11-15 10:28:20,process.location,test_20251115102801,15,Lyalpur Store,Faisalabad,success
2025-11-15 10:28:20,process.location,test_20251115102801,16,DHA Store,Lahore,success
2025-11-15 10:28:20,process.location,test_20251115102801,21,Multan Store,Multan,success
2025-11-15 10:28:20,process.location,test_20251115102801,22,Manghopir Site Store,Karachi,success
2025-11-15 10:28:20,process.location,test_20251115102801,23,Star Gate Store,Karachi,success
2025-11-15 10:28:20,process.location,test_20251115102801,25,Ravi Store,Lahore,success
2025-11-15 10:28:20,process.location,test_20251115102801,26,Model Town Store,Lahore,success
2025-11-15 10:28:20,process.location,test_20251115102801,27,Other Store,Other Store,success
2025-11-15 10:28:20,process.location,test_20251115102801,28,Chand Bhag Store,Lahore,success
2025-11-15 10:28:22,process.location,test_20251115102801,10,Canal Store,Lahore,success
2025-11-15 10:28:22,process.location,test_20251115102801,11,Capital Store,Islamabad-Rawalpindi,success
2025-11-15 10:28:22,process.location,test_20251115102801,12,Safari Park Store,Karachi,success
2025-11-15 10:28:22,process.location,test_20251115102801,15,Lyalpur Store,Faisalabad,success
2025-11-15 10:28:22,process.location,test_20251115102801,16,DHA Store,Lahore,success
2025-11-15 10:28:22,process.location,test_20251115102801,21,Multan Store,Multan,success
2025-11-15 10:28:22,process.location,test_20251115102801,22,Manghopir Site Store,Karachi,success
2025-11-15 10:28:22,process.location,test_20251115102801,23,Star Gate Store,Karachi,success
2025-11-15 10:28:22,process.location,test_20251115102801,25,Ravi Store,Lahore,success
2025-11-15 10:28:22,process.location,test_20251115102801,26,Model Town Store,Lahore,success
2025-11-15 10:28:22,process.location,test_20251115102801,27,Other Store,Other Store,success
2025-11-15 10:28:22,process.location,test_20251115102801,28,Chand Bhag Store,Lahore,success
2025-11-15 10:28:24,process.location,test_20251115102801,10,Canal Store,Lahore,success
2025-11-15 10:28:24,process.location,test_20251115102801,11,Capital Store,Islamabad-Rawalpindi,success
2025-11-15 10:28:24,process.location,test_20251115102801,12,Safari Park Store,Karachi,success
2025-11-15 10:28:24,process.location,test_20251115102801,15,Lyalpur Store,Faisalabad,success
2025-11-15 10:28:24,process.location,test_20251115102801,16,DHA Store,Lahore,success
2025-11-15 10:28:24,process.location,test_20251115102801,21,Multan Store,Multan,success
2025-11-15 10:28:24,process.location,test_20251115102801,22,Manghopir Site Store,Karachi,success
2025-11-15 10:28:24,process.location,test_20251115102801,23,Star Gate Store,Karachi,success
2025-11-15 10:28:24,process.location,test_20251115102801,25,Ravi Store,Lahore,success
2025-11-15 10:28:24,process.location,test_20251115102801,26,Model Town Store,Lahore,success
2025-11-15 10:28:24,process.location,test_20251115102801,27,Other Store,Other Store,success
2025-11-15 10:28:24,process.location,test_20251115102801,28,Chand Bhag Store,Lahore,success
2025-11-15 14:40:25,process.location,test_20251115144020,10,Canal Store,Lahore,success
2025-11-15 14:40:25,process.location,test_20251115144020,11,Capital Store,Islamabad-Rawalpindi,success
2025-11-15 14:40:25,process.location,test_20251115144020,12,Safari Park Store,Karachi,success
2025-11-15 14:40:25,process.location,test_20251115144020,15,Lyalpur Store,Faisalabad,success
2025-11-15 14:40:25,process.location,test_20251115144020,16,DHA Store,Lahore,success
2025-11-15 14:40:25,process.location,test_20251115144020,21,Multan Store,Multan,success
2025-11-15 14:40:25,process.location,test_20251115144020,22,Manghopir Site Store,Karachi,success
2025-11-15 14:40:25,process.location,test_20251115144020,23,Star Gate Store,Karachi,success
2025-11-15 14:40:25,process.location,test_20251115144020,25,Ravi Store,Lahore,success
2025-11-15 14:40:25,process.location,test_20251115144020,26,Model Town Store,Lahore,success
2025-11-15 14:40:25,process.location,test_20251115144020,27,Other Store,Other Store,success
2025-11-15 14:40:25,process.location,test_20251115144020,28,Chand Bhag Store,Lahore,success
2025-11-15 14:40:26,process.location,test_20251115144020,10,Canal Store,Lahore,success
2025-11-15 14:40:26,process.location,test_20251115144020,11,Capital Store,Islamabad-Rawalpindi,success
2025-11-15 14:40:26,process.location,test_20251115144020,12,Safari Park Store,Karachi,success
2025-11-15 14:40:26,process.location,test_20251115144020,15,Lyalpur Store,Faisalabad,success
2025-11-15 14:40:26,process.location,test_20251115144020,16,DHA Store,Lahore,success
2025-11-15 14:40:26,process.location,test_20251115144020,21,Multan Store,Multan,success
2025-11-15 14:40:26,process.location,test_20251115144020,22,Manghopir Site Store,Karachi,success
2025-11-15 14:40:26,process.location,test_20251115144020,23,Star Gate Store,Karachi,success
2025-11-15 14:40:26,process.location,test_20251115144020,25,Ravi Store,Lahore,success
2025-11-15 14:40:26,process.location,test_20251115144020,26,Model Town Store,Lahore,success
2025-11-15 14:40:26,process.location,test_20251115144020,27,Other Store,Other Store,success
2025-11-15 14:40:26,process.location,test_20251115144020,28,Chand Bhag Store,Lahore,success
2025-11-15 14:40:28,process.location,test_20251115144020,10,Canal Store,Lahore,success
2025-11-15 14:40:28,process.location,test_20251115144020,11,Capital Store,Islamabad-Rawalpindi,success
2025-11-15 14:40:28,process.location,test_20251115144020,12,Safari Park Store,Karachi,success
2025-11-15 14:40:28,process.location,test_20251115144020,15,Lyalpur Store,Faisalabad,success
2025-11-15 14:40:28,process.location,test_20251115144020,16,DHA Store,Lahore,success
2025-11-15 14:40:28,process.location,test_20251115144020,21,Multan Store,Multan,success
2025-11-15 14:40:28,process.location,test_20251115144020,22,Manghopir Site Store,Karachi,success
2025-11-15 14:40:28,process.location,test_20251115144020,23,Star Gate Store,Karachi,success
2025-11-15 14:40:28,process.location,test_20251115144020,25,Ravi Store,Lahore,success
2025-11-15 14:40:28,process.location,test_20251115144020,26,Model Town Store,Lahore,success
2025-11-15 14:40:28,process.location,test_20251115144020,27,Other Store,Other Store,success
2025-11-15 14:40:28,process.location,test_20251115144020,28,Chand Bhag Store,Lahore,success
2025-11-15 14:40:29,process.location,test_20251115144020,10,Canal Store,Lahore,success
2025-11-15 14:40:29,process.location,test_20251115144020,11,Capital Store,Islamabad-Rawalpindi,success
2025-11-15 14:40:29,process.location,test_20251115144020,12,Safari Park Store,Karachi,success
2025-11-15 14:40:29,process.location,test_20251115144020,15,Lyalpur Store,Faisalabad,success
2025-11-15 14:40:29,process.location,test_20251115144020,16,DHA Store,Lahore,success
2025-11-15 14:40:29,process.location,test_20251115144020,21,Multan Store,Multan,success
2025-11-15 14:40:29,process.location,test_20251115144020,22,Manghopir Site Store,Karachi,success
2025-11-15 14:40:29,process.location,test_20251115144020,23,Star Gate Store,Karachi,success
2025-11-15 14:40:29,process.location,test_20251115144020,25,Ravi Store,Lahore,success
2025-11-15 14:40:29,process.location,test_20251115144020,26,Model Town Store,Lahore,success
2025-11-15 14:40:29,process.location,test_20251115144020,27,Other Store,Other Store,success
2025-11-15 14:40:29,process.location,test_20251115144020,28,Chand Bhag Store,Lahore,success
2025-11-15 14:40:31,process.location,test_20251115144020,10,Canal Store,Lahore,success
2025-11-15 14:40:31,process.location,test_20251115144020,11,Capital Store,Islamabad-Rawalpindi,success
2025-11-15 14:40:31,process.location,test_20251115144020,12,Safari Park Store,Karachi,success
2025-11-15 14:40:31,process.location,test_20251115144020,15,Lyalpur Store,Faisalabad,success
2025-11-15 14:40:31,process.location,test_20251115144020,16,DHA Store,Lahore,success
2025-11-15 14:40:31,process.location,test_20251115144020,21,Multan Store,Multan,success
2025-11-15 14:40:31,process.location,test_20251115144020,22,Manghopir Site Store,Karachi,success
2025-11-15 14:40:31,process.location,test_20251115144020,23,Star Gate Store,Karachi,success
2025-11-15 14:40:31,process.location,test_20251115144020,25,Ravi Store,Lahore,success
2025-11-15 14:40:31,process.location,test_20251115144020,26,Model Town Store,Lahore,success
2025-11-15 14:40:31,process.location,test_20251115144020,27,Other Store,Other Store,success
2025-11-15 14:40:31,process.location,test_20251115144020,28,Chand Bhag Store,Lahore,success
2025-11-15 14:40:32,process.location,test_20251115144020,10,Canal Store,Lahore,success
2025-11-15 14:40:32,process.location,test_20251115144020,11,Capital Store,Islamabad-Rawalpindi,success
2025-11-15 14:40:32,process.location,test_20251115144020,12,Safari Park Store,Karachi,success
2025-11-15 14:40:32,process.location,test_20251115144020,15,Lyalpur Store,Faisalabad,success
2025-11-15 14:40:32,process.location,test_20251115144020,16,DHA Store,Lahore,success
2025-11-15 14:40:32,process.location,test_20251115144020,21,Multan Store,Multan,success
2025-11-15 14:40:32,process.location,test_20251115144020,22,Manghopir Site Store,Karachi,success
2025-11-15 14:40:32,process.location,test_20251115144020,23,Star Gate Store,Karachi,success
2025-11-15 14:40:32,process.location,test_20251115144020,25,Ravi Store,Lahore,success
2025-11-15 14:40:32,process.location,test_20251115144020,26,Model Town Store,Lahore,success
2025-11-15 14:40:32,process.location,test_20251115144020,27,Other Store,Other Store,success
2025-11-15 14:40:32,process.location,test_20251115144020,28,Chand Bhag Store,Lahore,success
2025-11-15 14:40:34,process.location,test_20251115144020,10,Canal Store,Lahore,success
2025-11-15 14:40:34,process.location,test_20251115144020,11,Capital Store,Islamabad-Rawalpindi,success
2025-11-15 14:40:34,process.location,test_20251115144020,12,Safari Park Store,Karachi,success
2025-11-15 14:40:34,process.location,test_20251115144020,15,Lyalpur Store,Faisalabad,success
2025-11-15 14:40:34,process.location,test_20251115144020,16,DHA Store,Lahore,success
2025-11-15 14:40:34,process.location,test_20251115144020,21,Multan Store,Multan,success
2025-11-15 14:40:34,process.location,test_20251115144020,22,Manghopir Site Store,Karachi,success
2025-11-15 14:40:34,process.location,test_20251115144020,23,Star Gate Store,Karachi,success
2025-11-15 14:40:34,process.location,test_20251115144020,25,Ravi Store,Lahore,success
2025-11-15 14:40:34,process.location,test_20251115144020,26,Model Town Store,Lahore,success
2025-11-15 14:40:34,process.location,test_20251115144020,27,Other Store,Other Store,success
2025-11-15 14:40:34,process.location,test_20251115144020,28,Chand Bhag Store,Lahore,success
2025-11-15 14:40:35,process.location,test_20251115144020,10,Canal Store,Lahore,success
2025-11-15 14:40:35,process.location,test_20251115144020,11,Capital Store,Islamabad-Rawalpindi,success
2025-11-15 14:40:35,process.location,test_20251115144020,12,Safari Park Store,Karachi,success
2025-11-15 14:40:35,process.location,test_20251115144020,15,Lyalpur Store,Faisalabad,success
2025-11-15 14:40:35,process.location,test_20251115144020,16,DHA Store,Lahore,success
2025-11-15 14:40:35,process.location,test_20251115144020,21,Multan Store,Multan,success
2025-11-15 14:40:35,process.location,test_20251115144020,22,Manghopir Site Store,Karachi,success
2025-11-15 14:40:35,process.location,test_20251115144020,23,Star Gate Store,Karachi,success
2025-11-15 14:40:35,process.location,test_20251115144020,25,Ravi Store,Lahore,success
2025-11-15 14:40:35,process.location,test_20251115144020,26,Model Town Store,Lahore,success
2025-11-15 14:40:35,process.location,test_20251115144020,27,Other Store,Other Store,success
2025-11-15 14:40:35,process.location,test_20251115144020,28,Chand Bhag Store,Lahore,success
2025-11-15 14:40:36,process.location,test_20251115144020,10,Canal Store,Lahore,success
2025-11-15 14:40:36,process.location,test_20251115144020,11,Capital Store,Islamabad-Rawalpindi,success
2025-11-15 14:40:36,process.location,test_20251115144020,12,Safari Park Store,Karachi,success
2025-11-15 14:40:36,process.location,test_20251115144020,15,Lyalpur Store,Faisalabad,success
2025-11-15 14:40:36,process.location,test_20251115144020,16,DHA Store,Lahore,success
2025-11-15 14:40:36,process.location,test_20251115144020,21,Multan Store,Multan,success
2025-11-15 14:40:36,process.location,test_20251115144020,22,Manghopir Site Store,Karachi,success
2025-11-15 14:40:36,process.location,test_20251115144020,23,Star Gate Store,Karachi,success
2025-11-15 14:40:36,process.location,test_20251115144020,25,Ravi Store,Lahore,success
2025-11-15 14:40:36,process.location,test_20251115144020,26,Model Town Store,Lahore,success
2025-11-15 14:40:36,process.location,test_20251115144020,27,Other Store,Other Store,success
2025-11-15 14:40:36,process.location,test_20251115144020,28,Chand Bhag Store,Lahore,success
2025-11-15 14:40:38,process.location,test_20251115144020,10,Canal Store,Lahore,success
2025-11-15 14:40:38,process.location,test_20251115144020,11,Capital Store,Islamabad-Rawalpindi,success
2025-11-15 14:40:38,process.location,test_20251115144020,12,Safari Park Store,Karachi,success
2025-11-15 14:40:38,process.location,test_20251115144020,15,Lyalpur Store,Faisalabad,success
2025-11-15 14:40:38,process.location,test_20251115144020,16,DHA Store,Lahore,success
2025-11-15 14:40:38,process.location,test_20251115144020,21,Multan Store,Multan,success
2025-11-15 14:40:38,process.location,test_20251115144020,22,Manghopir Site Store,Karachi,success
2025-11-15 14:40:38,process.location,test_20251115144020,23,Star Gate Store,Karachi,success
2025-11-15 14:40:38,process.location,test_20251115144020,25,Ravi Store,Lahore,success
2025-11-15 14:40:38,process.location,test_20251115144020,26,Model Town Store,Lahore,success
2025-11-15 14:40:38,process.location,test_20251115144020,27,Other Store,Other Store,success
2025-11-15 14:40:38,process.location,test_20251115144020,28,Chand Bhag Store,Lahore,success
2025-11-15 14:40:41,process.location,test_20251115144020,10,Canal Store,Lahore,success
2025-11-15 14:40:41,process.location,test_20251115144020,11,Capital Store,Islamabad-Rawalpindi,success
2025-11-15 14:40:41,process.location,test_20251115144020,12,Safari Park Store,Karachi,success
2025-11-15 14:40:41,process.location,test_20251115144020,15,Lyalpur Store,Faisalabad,success
2025-11-15 14:40:41,process.location,test_20251115144020,16,DHA Store,Lahore,success
2025-11-15 14:40:41,process.location,test_20251115144020,21,Multan Store,Multan,success
2025-11-15 14:40:41,process.location,test_20251115144020,22,Manghopir Site Store,Karachi,success
2025-11-15 14:40:41,process.location,test_20251115144020,23,Star Gate Store,Karachi,success
2025-11-15 14:40:41,process.location,test_20251115144020,25,Ravi Store,Lahore,success
2025-11-15 14:40:41,process.location,test_20251115144020,26,Model Town Store,Lahore,success
2025-11-15 14:40:41,process.location,test_20251115144020,27,Other Store,Other Store,success
2025-11-15 14:40:41,process.location,test_20251115144020,28,Chand Bhag Store,Lahore,success
2025-11-15 14:40:42,process.location,test_20251115144020,10,Canal Store,Lahore,success
2025-11-15 14:40:42,process.location,test_20251115144020,11,Capital Store,Islamabad-Rawalpindi,success
2025-11-15 14:40:42,process.location,test_20251115144020,12,Safari Park Store,Karachi,success
2025-11-15 14:40:42,process.location,test_20251115144020,15,Lyalpur Store,Faisalabad,success
2025-11-15 14:40:42,process.location,test_20251115144020,16,DHA Store,Lahore,success
2025-11-15 14:40:42,process.location,test_20251115144020,21,Multan Store,Multan,success
2025-11-15 14:40:42,process.location,test_20251115144020,22,Manghopir Site Store,Karachi,success
2025-11-15 14:40:42,process.location,test_20251115144020,23,Star Gate Store,Karachi,success
2025-11-15 14:40:42,process.location,test_20251115144020,25,Ravi Store,Lahore,success
2025-11-15 14:40:42,process.location,test_20251115144020,26,Model Town Store,Lahore,success
2025-11-15 14:40:42,process.location,test_20251115144020,27,Other Store,Other Store,success
2025-11-15 14:40:42,process.location,test_20251115144020,28,Chand Bhag Store,Lahore,success
